<?xml version="1.0" encoding="UTF-8" ?>
<testsuite errors="0" failures="0" hostname="Atlantia.local" name="com.flatironschool.javacs.WikiPhilosophyTest" skipped="0" tests="1" time="19.412" timestamp="2016-06-03T13:16:33">
  <properties>
[...]
</properties>
  <testcase classname="com.flatironschool.javacs.WikiPhilosophyTest" name="testMain" time="19.35" />
  <system-out><![CDATA[Fetching from url: https://en.wikipedia.org/wiki/Java_(programming_language)
Breaking!
Fetching from url: https://en.wikipedia.org/wiki/Programming_language
Breaking!
Fetching from url: https://en.wikipedia.org/wiki/Formal_language
Breaking!
Fetching from url: https://en.wikipedia.org/wiki/Mathematics
Breaking!
Fetching from url: https://en.wikipedia.org/wiki/Ancient_Greek
Breaking!
Fetching from url: https://en.wikipedia.org/wiki/Greek_language
Breaking!
Fetching from url: https://en.wikipedia.org/wiki/Modern_Greek
Breaking!
Fetching from url: https://en.wikipedia.org/wiki/Help:IPA_for_Greek
Breaking!
Fetching from url: https://en.wikipedia.org/wiki/International_Phonetic_Alphabet
Breaking!
Fetching from url: https://en.wikipedia.org/wiki/Alphabet
Breaking!
Fetching from url: https://en.wikipedia.org/wiki/Letter_(alphabet)
Breaking!
Fetching from url: https://en.wikipedia.org/wiki/Grapheme
Breaking!
Fetching from url: https://en.wikipedia.org/wiki/Linguistics
Breaking!
Fetching from url: https://en.wikipedia.org/wiki/Science
Breaking!
Fetching from url: https://en.wikipedia.org/wiki/Knowledge
Breaking!
Fetching from url: https://en.wikipedia.org/wiki/Awareness
Breaking!
Fetching from url: https://en.wikipedia.org/wiki/Conscious
Breaking!
Fetching from url: https://en.wikipedia.org/wiki/Quality_(philosophy)
Breaking!
Found philosophy. 
https://en.wikipedia.org/wiki/Quality_(philosophy)
https://en.wikipedia.org/wiki/Conscious
https://en.wikipedia.org/wiki/Awareness
https://en.wikipedia.org/wiki/Knowledge
https://en.wikipedia.org/wiki/Science
https://en.wikipedia.org/wiki/Linguistics
https://en.wikipedia.org/wiki/Grapheme
https://en.wikipedia.org/wiki/Letter_(alphabet)
https://en.wikipedia.org/wiki/Alphabet
https://en.wikipedia.org/wiki/International_Phonetic_Alphabet
https://en.wikipedia.org/wiki/Help:IPA_for_Greek
https://en.wikipedia.org/wiki/Modern_Greek
https://en.wikipedia.org/wiki/Greek_language
https://en.wikipedia.org/wiki/Ancient_Greek
https://en.wikipedia.org/wiki/Mathematics
https://en.wikipedia.org/wiki/Formal_language
https://en.wikipedia.org/wiki/Programming_language
https://en.wikipedia.org/wiki/Java_(programming_language)
]]></system-out>
  <system-err><![CDATA[]]></system-err>
</testsuite>
